[0m15:28:23.291860 [debug] [MainThread]: Sending event: {'category': 'dbt', 'action': 'invocation', 'label': 'start', 'context': [<snowplow_tracker.self_describing_json.SelfDescribingJson object at 0x0000017533056E40>, <snowplow_tracker.self_describing_json.SelfDescribingJson object at 0x00000175310A1590>, <snowplow_tracker.self_describing_json.SelfDescribingJson object at 0x0000017533D79450>]}


============================== 15:28:23.301479 | 9fb65484-7def-464a-8c81-55c8853f39d9 ==============================
[0m15:28:23.301479 [info ] [MainThread]: Running with dbt=1.9.8
[0m15:28:23.303210 [debug] [MainThread]: running dbt with arguments {'printer_width': '80', 'indirect_selection': 'eager', 'write_json': 'True', 'log_cache_events': 'False', 'partial_parse': 'True', 'cache_selected_only': 'False', 'warn_error': 'None', 'version_check': 'True', 'fail_fast': 'False', 'log_path': 'logs', 'profiles_dir': 'C:\\Users\\shubh\\.dbt', 'debug': 'False', 'use_colors': 'True', 'use_experimental_parser': 'False', 'no_print': 'None', 'quiet': 'False', 'empty': 'None', 'warn_error_options': 'WarnErrorOptions(include=[], exclude=[])', 'invocation_command': 'dbt init', 'log_format': 'default', 'introspect': 'True', 'target_path': 'None', 'static_parser': 'True', 'send_anonymous_usage_stats': 'True'}
[0m15:28:23.334683 [warn ] [MainThread]: [ConfigFolderDirectory]: Unable to parse logging event dictionary. Failed to parse dir field: expected string or bytes-like object, got 'WindowsPath'.. Dictionary: {'dir': WindowsPath('C:/Users/shubh/.dbt')}
[0m15:28:23.335623 [info ] [MainThread]: Creating dbt configuration folder at 
[0m15:28:54.647897 [debug] [MainThread]: Starter project path: C:\Users\shubh\AppData\Local\Programs\Python\Python313\Lib\site-packages\dbt\include\starter_project
[0m15:28:54.702256 [info ] [MainThread]: 
Your new dbt project "medallion_dbt_spark" was created!

For more information on how to configure the profiles.yml file,
please consult the dbt documentation here:

  https://docs.getdbt.com/docs/configure-your-profile

One more thing:

Need help? Don't hesitate to reach out to us via GitHub issues or on Slack:

  https://community.getdbt.com/

Happy modeling!

[0m15:28:54.703861 [info ] [MainThread]: Setting up your profile.
[0m15:29:06.475099 [debug] [MainThread]: Spark adapter: Setting pyhive.hive logging to ERROR
[0m15:29:06.476110 [debug] [MainThread]: Spark adapter: Setting thrift.transport logging to ERROR
[0m15:29:06.476787 [debug] [MainThread]: Spark adapter: Setting thrift.protocol logging to ERROR
[0m15:31:42.127240 [info ] [MainThread]: Profile medallion_dbt_spark written to C:\Users\shubh\.dbt\profiles.yml using target's profile_template.yml and your supplied values. Run 'dbt debug' to validate the connection.
[0m15:31:42.130247 [debug] [MainThread]: Command `dbt init` succeeded at 15:31:42.129718 after 199.11 seconds
[0m15:31:42.131502 [debug] [MainThread]: Sending event: {'category': 'dbt', 'action': 'invocation', 'label': 'end', 'context': [<snowplow_tracker.self_describing_json.SelfDescribingJson object at 0x00000175342A88A0>, <snowplow_tracker.self_describing_json.SelfDescribingJson object at 0x00000175342A6F90>, <snowplow_tracker.self_describing_json.SelfDescribingJson object at 0x0000017536969BF0>]}
[0m15:31:42.132910 [debug] [MainThread]: Flushing usage events
[0m15:31:44.894034 [debug] [MainThread]: An error was encountered while trying to flush usage events
[0m15:36:57.875650 [debug] [MainThread]: Sending event: {'category': 'dbt', 'action': 'invocation', 'label': 'start', 'context': [<snowplow_tracker.self_describing_json.SelfDescribingJson object at 0x000001CA43186E40>, <snowplow_tracker.self_describing_json.SelfDescribingJson object at 0x000001CA411D5590>, <snowplow_tracker.self_describing_json.SelfDescribingJson object at 0x000001CA43E99450>]}


============================== 15:36:57.886156 | e20d3c52-5145-4942-adab-596ad82575c6 ==============================
[0m15:36:57.886156 [info ] [MainThread]: Running with dbt=1.9.8
[0m15:36:57.887599 [debug] [MainThread]: running dbt with arguments {'printer_width': '80', 'indirect_selection': 'eager', 'write_json': 'True', 'log_cache_events': 'False', 'partial_parse': 'True', 'cache_selected_only': 'False', 'profiles_dir': 'C:\\Users\\shubh\\.dbt', 'debug': 'False', 'fail_fast': 'False', 'log_path': 'logs', 'version_check': 'True', 'warn_error': 'None', 'use_colors': 'True', 'use_experimental_parser': 'False', 'no_print': 'None', 'quiet': 'False', 'empty': 'None', 'warn_error_options': 'WarnErrorOptions(include=[], exclude=[])', 'invocation_command': 'dbt debug', 'static_parser': 'True', 'introspect': 'True', 'target_path': 'None', 'log_format': 'default', 'send_anonymous_usage_stats': 'True'}
[0m15:36:57.937030 [info ] [MainThread]: dbt version: 1.9.8
[0m15:36:57.938153 [info ] [MainThread]: python version: 3.13.2
[0m15:36:57.939211 [info ] [MainThread]: python path: C:\Users\shubh\AppData\Local\Programs\Python\Python313\python.exe
[0m15:36:57.940200 [info ] [MainThread]: os info: Windows-11-10.0.26100-SP0
[0m15:36:59.583889 [debug] [MainThread]: Spark adapter: Setting pyhive.hive logging to ERROR
[0m15:36:59.584653 [debug] [MainThread]: Spark adapter: Setting thrift.transport logging to ERROR
[0m15:36:59.585202 [debug] [MainThread]: Spark adapter: Setting thrift.protocol logging to ERROR
[0m15:37:01.003070 [info ] [MainThread]: Using profiles dir at C:\Users\shubh\.dbt
[0m15:37:01.004251 [info ] [MainThread]: Using profiles.yml file at C:\Users\shubh\.dbt\profiles.yml
[0m15:37:01.005115 [info ] [MainThread]: Using dbt_project.yml file at C:\Users\shubh\Downloads\Medallion-Spark-Azure-DBT\dbt_project.yml
[0m15:37:01.005772 [info ] [MainThread]: adapter type: databricks
[0m15:37:01.006383 [info ] [MainThread]: adapter version: 1.10.3
[0m15:37:01.007299 [info ] [MainThread]: Configuration:
[0m15:37:01.009035 [info ] [MainThread]:   profiles.yml file [[32mOK found and valid[0m]
[0m15:37:01.010405 [info ] [MainThread]:   dbt_project.yml file [[31mERROR not found[0m]
[0m15:37:01.012363 [info ] [MainThread]: Required dependencies:
[0m15:37:01.013227 [debug] [MainThread]: Executing "git --help"
[0m15:37:01.106458 [debug] [MainThread]: STDOUT: "b"usage: git [-v | --version] [-h | --help] [-C <path>] [-c <name>=<value>]\n           [--exec-path[=<path>]] [--html-path] [--man-path] [--info-path]\n           [-p | --paginate | -P | --no-pager] [--no-replace-objects] [--no-lazy-fetch]\n           [--no-optional-locks] [--no-advice] [--bare] [--git-dir=<path>]\n           [--work-tree=<path>] [--namespace=<name>] [--config-env=<name>=<envvar>]\n           <command> [<args>]\n\nThese are common Git commands used in various situations:\n\nstart a working area (see also: git help tutorial)\n   clone      Clone a repository into a new directory\n   init       Create an empty Git repository or reinitialize an existing one\n\nwork on the current change (see also: git help everyday)\n   add        Add file contents to the index\n   mv         Move or rename a file, a directory, or a symlink\n   restore    Restore working tree files\n   rm         Remove files from the working tree and from the index\n\nexamine the history and state (see also: git help revisions)\n   bisect     Use binary search to find the commit that introduced a bug\n   diff       Show changes between commits, commit and working tree, etc\n   grep       Print lines matching a pattern\n   log        Show commit logs\n   show       Show various types of objects\n   status     Show the working tree status\n\ngrow, mark and tweak your common history\n   backfill   Download missing objects in a partial clone\n   branch     List, create, or delete branches\n   commit     Record changes to the repository\n   merge      Join two or more development histories together\n   rebase     Reapply commits on top of another base tip\n   reset      Reset current HEAD to the specified state\n   switch     Switch branches\n   tag        Create, list, delete or verify a tag object signed with GPG\n\ncollaborate (see also: git help workflows)\n   fetch      Download objects and refs from another repository\n   pull       Fetch from and integrate with another repository or a local branch\n   push       Update remote refs along with associated objects\n\n'git help -a' and 'git help -g' list available subcommands and some\nconcept guides. See 'git help <command>' or 'git help <concept>'\nto read about a specific subcommand or concept.\nSee 'git help git' for an overview of the system.\n""
[0m15:37:01.107214 [debug] [MainThread]: STDERR: "b''"
[0m15:37:01.107831 [info ] [MainThread]:  - git [[32mOK found[0m]

[0m15:37:01.108698 [info ] [MainThread]: Connection:
[0m15:37:01.109385 [info ] [MainThread]:   host: adb-567636259224832.12.azuredatabricks.net
[0m15:37:01.110000 [info ] [MainThread]:   http_path: sql/protocolv1/o/567636259224832/0615-211455-ouigwa5g
[0m15:37:01.111618 [info ] [MainThread]:   catalog: hive_metastore
[0m15:37:01.112553 [info ] [MainThread]:   schema: saleslt
[0m15:37:01.113758 [info ] [MainThread]: Registered adapter: databricks=1.10.3
[0m15:37:01.718406 [debug] [MainThread]: Databricks adapter: DatabricksDBTConnection(session-id=None, name=debug, idle-time=0s, language=None, compute-name=) - Creating connection
[0m15:37:01.719044 [debug] [MainThread]: Acquiring new databricks connection 'debug'
[0m15:37:01.719450 [debug] [MainThread]: Using databricks connection "debug"
[0m15:37:01.719803 [debug] [MainThread]: On debug: select 1 as id
[0m15:37:01.720106 [debug] [MainThread]: Opening a new connection, currently in state init
[0m15:37:02.976219 [debug] [MainThread]: Databricks adapter: Connection(session-id=a3c49df2-a94a-4f2c-8856-1e699735eff2) - Created
[0m15:37:04.446037 [debug] [MainThread]: SQL status: OK in 2.730 seconds
[0m15:37:04.448404 [debug] [MainThread]: Databricks adapter: Cursor(session-id=a3c49df2-a94a-4f2c-8856-1e699735eff2, command-id=ce67172a-dd0c-4a0d-b52b-372bd2a98b8a) - Closing
[0m15:37:04.449057 [info ] [MainThread]:   Connection test: [[32mOK connection ok[0m]

[0m15:37:04.449928 [info ] [MainThread]: [31m1 check failed:[0m
[0m15:37:04.450964 [info ] [MainThread]: Project loading failed for the following reason:
 project path <C:\Users\shubh\Downloads\Medallion-Spark-Azure-DBT\dbt_project.yml> not found

[0m15:37:04.452542 [debug] [MainThread]: Command `dbt debug` failed at 15:37:04.452295 after 6.88 seconds
[0m15:37:04.453121 [debug] [MainThread]: Connection 'debug' was properly closed.
[0m15:37:04.453610 [debug] [MainThread]: On debug: Close
[0m15:37:04.454082 [debug] [MainThread]: Databricks adapter: Connection(session-id=a3c49df2-a94a-4f2c-8856-1e699735eff2) - Closing
[0m15:37:04.733167 [debug] [MainThread]: Sending event: {'category': 'dbt', 'action': 'invocation', 'label': 'end', 'context': [<snowplow_tracker.self_describing_json.SelfDescribingJson object at 0x000001CA67A56520>, <snowplow_tracker.self_describing_json.SelfDescribingJson object at 0x000001CA67A3DA30>, <snowplow_tracker.self_describing_json.SelfDescribingJson object at 0x000001CA46AB9D00>]}
[0m15:37:04.734109 [debug] [MainThread]: Flushing usage events
[0m15:37:05.637305 [debug] [MainThread]: An error was encountered while trying to flush usage events
